<?xml version="1.0" encoding="UTF-8"?>
<!-- Generated by org.testng.reporters.JUnitXMLReporter -->
<testsuite ignored="1" hostname="Laxminarayans-MacBook-Pro.local" failures="1" tests="4" name="Login Negative Test" time="18.696" errors="0" timestamp="2025-09-18T17:28:37 IST">
  <testcase classname="WebAutomationTests.tests.NegativeTests" name="loginValidationWithEmptyEmailIdAndEmptyPasswordField" time="0.37">
    <skipped/>
  </testcase> <!-- loginValidationWithEmptyEmailIdAndEmptyPasswordField -->
  <testcase classname="WebAutomationTests.tests.NegativeTests" name="loginValidationWithEmptyEmailIdAndEmptyPasswordField" time="0.062">
    <failure type="java.lang.AssertionError" message="expected [*Email is required ] but found [*Email is required]">
      <![CDATA[java.lang.AssertionError: expected [*Email is required ] but found [*Email is required]
at webAutomation.pageObjects.LandingPage.validateEmptyEmailIdAndEmptyPasswordField(LandingPage.java:43)
at WebAutomationTests.tests.NegativeTests.loginValidationWithEmptyEmailIdAndEmptyPasswordField(NegativeTests.java:11)
at java.base/java.util.ArrayList.forEach(ArrayList.java:1511)
... Removed 33 stack frames]]>
    </failure>
  </testcase> <!-- loginValidationWithEmptyEmailIdAndEmptyPasswordField -->
  <testcase classname="WebAutomationTests.tests.NegativeTests" name="loginValidationWithEmptyEmailIdField" time="1.882"/>
  <testcase classname="WebAutomationTests.tests.NegativeTests" name="loginValidationWithEmptyPasswordField" time="0.137"/>
  <testcase classname="WebAutomationTests.tests.StandAloneTest" name="loginValidations" time="0.0">
    <ignored/>
  </testcase> <!-- loginValidations -->
</testsuite> <!-- Login Negative Test -->
